
usb.elf:     file format elf32-avr


Disassembly of section .text:

00000000 <__vectors>:
   0:	33 c0       	rjmp	.+102    	; 0x68 <__ctors_end>
   2:	00 00       	nop
   4:	39 c0       	rjmp	.+114    	; 0x78 <__bad_interrupt>
   6:	00 00       	nop
   8:	37 c0       	rjmp	.+110    	; 0x78 <__bad_interrupt>
   a:	00 00       	nop
   c:	35 c0       	rjmp	.+106    	; 0x78 <__bad_interrupt>
   e:	00 00       	nop
  10:	33 c0       	rjmp	.+102    	; 0x78 <__bad_interrupt>
  12:	00 00       	nop
  14:	31 c0       	rjmp	.+98     	; 0x78 <__bad_interrupt>
  16:	00 00       	nop
  18:	2f c0       	rjmp	.+94     	; 0x78 <__bad_interrupt>
  1a:	00 00       	nop
  1c:	2d c0       	rjmp	.+90     	; 0x78 <__bad_interrupt>
  1e:	00 00       	nop
  20:	2b c0       	rjmp	.+86     	; 0x78 <__bad_interrupt>
  22:	00 00       	nop
  24:	29 c0       	rjmp	.+82     	; 0x78 <__bad_interrupt>
  26:	00 00       	nop
  28:	27 c0       	rjmp	.+78     	; 0x78 <__bad_interrupt>
  2a:	00 00       	nop
  2c:	25 c0       	rjmp	.+74     	; 0x78 <__bad_interrupt>
  2e:	00 00       	nop
  30:	23 c0       	rjmp	.+70     	; 0x78 <__bad_interrupt>
  32:	00 00       	nop
  34:	21 c0       	rjmp	.+66     	; 0x78 <__bad_interrupt>
  36:	00 00       	nop
  38:	1f c0       	rjmp	.+62     	; 0x78 <__bad_interrupt>
  3a:	00 00       	nop
  3c:	1d c0       	rjmp	.+58     	; 0x78 <__bad_interrupt>
  3e:	00 00       	nop
  40:	1b c0       	rjmp	.+54     	; 0x78 <__bad_interrupt>
  42:	00 00       	nop
  44:	19 c0       	rjmp	.+50     	; 0x78 <__bad_interrupt>
  46:	00 00       	nop
  48:	17 c0       	rjmp	.+46     	; 0x78 <__bad_interrupt>
  4a:	00 00       	nop
  4c:	15 c0       	rjmp	.+42     	; 0x78 <__bad_interrupt>
  4e:	00 00       	nop
  50:	13 c0       	rjmp	.+38     	; 0x78 <__bad_interrupt>
  52:	00 00       	nop
  54:	11 c0       	rjmp	.+34     	; 0x78 <__bad_interrupt>
  56:	00 00       	nop
  58:	0f c0       	rjmp	.+30     	; 0x78 <__bad_interrupt>
  5a:	00 00       	nop
  5c:	0d c0       	rjmp	.+26     	; 0x78 <__bad_interrupt>
  5e:	00 00       	nop
  60:	0b c0       	rjmp	.+22     	; 0x78 <__bad_interrupt>
  62:	00 00       	nop
  64:	09 c0       	rjmp	.+18     	; 0x78 <__bad_interrupt>
	...

00000068 <__ctors_end>:
  68:	11 24       	eor	r1, r1
  6a:	1f be       	out	0x3f, r1	; 63
  6c:	cf ef       	ldi	r28, 0xFF	; 255
  6e:	d8 e0       	ldi	r29, 0x08	; 8
  70:	de bf       	out	0x3e, r29	; 62
  72:	cd bf       	out	0x3d, r28	; 61
  74:	02 d0       	rcall	.+4      	; 0x7a <main>
  76:	11 c0       	rjmp	.+34     	; 0x9a <_exit>

00000078 <__bad_interrupt>:
  78:	c3 cf       	rjmp	.-122    	; 0x0 <__vectors>

0000007a <main>:
 *      Author: dode@luniks.net
 */

#include <stdbool.h>

int main(void) {
  7a:	cf 93       	push	r28
  7c:	df 93       	push	r29
  7e:	00 d0       	rcall	.+0      	; 0x80 <main+0x6>
  80:	cd b7       	in	r28, 0x3d	; 61
  82:	de b7       	in	r29, 0x3e	; 62

	int sum = 1 + 1;
  84:	82 e0       	ldi	r24, 0x02	; 2
  86:	90 e0       	ldi	r25, 0x00	; 0
  88:	9a 83       	std	Y+2, r25	; 0x02
  8a:	89 83       	std	Y+1, r24	; 0x01

	return sum;
  8c:	89 81       	ldd	r24, Y+1	; 0x01
  8e:	9a 81       	ldd	r25, Y+2	; 0x02
}
  90:	0f 90       	pop	r0
  92:	0f 90       	pop	r0
  94:	df 91       	pop	r29
  96:	cf 91       	pop	r28
  98:	08 95       	ret

0000009a <_exit>:
  9a:	f8 94       	cli

0000009c <__stop_program>:
  9c:	ff cf       	rjmp	.-2      	; 0x9c <__stop_program>
